Performing C SOURCE FILE Test CMAKE_HAVE_LIBC_PTHREAD failed with the following output:
Change Dir: /home/nihal/turtlebot_ws/build/CMakeFiles/CMakeScratch/TryCompile-nMCTXj

Run Build Command(s):/usr/bin/make -f Makefile cmTC_deadb/fast && /usr/bin/make  -f CMakeFiles/cmTC_deadb.dir/build.make CMakeFiles/cmTC_deadb.dir/build
make[1]: Entering directory '/home/nihal/turtlebot_ws/build/CMakeFiles/CMakeScratch/TryCompile-nMCTXj'
Building C object CMakeFiles/cmTC_deadb.dir/src.c.o
/usr/bin/cc -DCMAKE_HAVE_LIBC_PTHREAD   -o CMakeFiles/cmTC_deadb.dir/src.c.o -c /home/nihal/turtlebot_ws/build/CMakeFiles/CMakeScratch/TryCompile-nMCTXj/src.c
Linking C executable cmTC_deadb
/home/nihal/.local/lib/python3.8/site-packages/cmake/data/bin/cmake -E cmake_link_script CMakeFiles/cmTC_deadb.dir/link.txt --verbose=1
/usr/bin/cc -rdynamic CMakeFiles/cmTC_deadb.dir/src.c.o -o cmTC_deadb 
/usr/bin/ld: CMakeFiles/cmTC_deadb.dir/src.c.o: in function `main':
src.c:(.text+0x3e): undefined reference to `pthread_create'
/usr/bin/ld: src.c:(.text+0x4a): undefined reference to `pthread_detach'
/usr/bin/ld: src.c:(.text+0x56): undefined reference to `pthread_cancel'
/usr/bin/ld: src.c:(.text+0x67): undefined reference to `pthread_join'
collect2: error: ld returned 1 exit status
make[1]: *** [CMakeFiles/cmTC_deadb.dir/build.make:99: cmTC_deadb] Error 1
make[1]: Leaving directory '/home/nihal/turtlebot_ws/build/CMakeFiles/CMakeScratch/TryCompile-nMCTXj'
make: *** [Makefile:127: cmTC_deadb/fast] Error 2


Source file was:
#include <pthread.h>

static void* test_func(void* data)
{
  return data;
}

int main(void)
{
  pthread_t thread;
  pthread_create(&thread, NULL, test_func, NULL);
  pthread_detach(thread);
  pthread_cancel(thread);
  pthread_join(thread, NULL);
  pthread_atfork(NULL, NULL, NULL);
  pthread_exit(NULL);

  return 0;
}


Determining if the function pthread_create exists in the pthreads failed with the following output:
Change Dir: /home/nihal/turtlebot_ws/build/CMakeFiles/CMakeScratch/TryCompile-vlJoSn

Run Build Command(s):/usr/bin/make -f Makefile cmTC_49c2c/fast && /usr/bin/make  -f CMakeFiles/cmTC_49c2c.dir/build.make CMakeFiles/cmTC_49c2c.dir/build
make[1]: Entering directory '/home/nihal/turtlebot_ws/build/CMakeFiles/CMakeScratch/TryCompile-vlJoSn'
Building C object CMakeFiles/cmTC_49c2c.dir/CheckFunctionExists.c.o
/usr/bin/cc   -DCHECK_FUNCTION_EXISTS=pthread_create -o CMakeFiles/cmTC_49c2c.dir/CheckFunctionExists.c.o -c /home/nihal/turtlebot_ws/build/CMakeFiles/CMakeScratch/TryCompile-vlJoSn/CheckFunctionExists.c
Linking C executable cmTC_49c2c
/home/nihal/.local/lib/python3.8/site-packages/cmake/data/bin/cmake -E cmake_link_script CMakeFiles/cmTC_49c2c.dir/link.txt --verbose=1
/usr/bin/cc  -DCHECK_FUNCTION_EXISTS=pthread_create -rdynamic CMakeFiles/cmTC_49c2c.dir/CheckFunctionExists.c.o -o cmTC_49c2c  -lpthreads 
/usr/bin/ld: cannot find -lpthreads
collect2: error: ld returned 1 exit status
make[1]: *** [CMakeFiles/cmTC_49c2c.dir/build.make:99: cmTC_49c2c] Error 1
make[1]: Leaving directory '/home/nihal/turtlebot_ws/build/CMakeFiles/CMakeScratch/TryCompile-vlJoSn'
make: *** [Makefile:127: cmTC_49c2c/fast] Error 2



